1507553748776	geckodriver	INFO	geckodriver 0.19.0
1507553748786	geckodriver	INFO	Listening on 127.0.0.1:56343
1507553749896	mozrunner::runner	INFO	Running command: "/Applications/Firefox.app/Contents/MacOS/firefox-bin" "-marionette" "-profile" "/var/folders/72/56cf70n96p59p48gygywxz6r0000gn/T/rust_mozprofile.2UzBw0bq1sgd"
1507553750539	addons.xpi	WARN	Error parsing extensions state: [Exception... "Component returned failure code: 0x80520012 (NS_ERROR_FILE_NOT_FOUND) [amIAddonManagerStartup.readStartupData]"  nsresult: "0x80520012 (NS_ERROR_FILE_NOT_FOUND)"  location: "JS frame :: resource://gre/modules/addons/XPIProvider.jsm :: loadExtensionState :: line 1554"  data: no] Stack trace: loadExtensionState()@resource://gre/modules/addons/XPIProvider.jsm:1554 < getInstallState()@resource://gre/modules/addons/XPIProvider.jsm:1589 < checkForChanges()@resource://gre/modules/addons/XPIProvider.jsm:3109 < startup()@resource://gre/modules/addons/XPIProvider.jsm:2188 < callProvider()@resource://gre/modules/AddonManager.jsm:269 < _startProvider()@resource://gre/modules/AddonManager.jsm:739 < startup()@resource://gre/modules/AddonManager.jsm:906 < startup()@resource://gre/modules/AddonManager.jsm:3090 < observe()@jar:file:///Applications/Firefox.app/Contents/Resources/omni.ja!/components/addonManager.js:65
1507553751025	Marionette	INFO	Enabled via --marionette
2017-10-09 23:55:52.753 plugin-container[36360:13811074] *** CFMessagePort: bootstrap_register(): failed 1100 (0x44c) 'Permission denied', port = 0xa237, name = 'com.apple.tsm.portname'
See /usr/include/servers/bootstrap_defs.h for the error codes.
2017-10-09 23:55:52.755 plugin-container[36360:13811074] *** CFMessagePort: bootstrap_register(): failed 1100 (0x44c) 'Permission denied', port = 0xa603, name = 'com.apple.CFPasteboardClient'
See /usr/include/servers/bootstrap_defs.h for the error codes.
1507553754134	Marionette	INFO	Listening on port 56352
1507553754217	Marionette	WARN	TLS certificate errors will be ignored for this session
1507553754296	Marionette	DEBUG	Register listener.js for window 2147483649
1507553754358	Marionette	DEBUG	Received DOM event "beforeunload" for "about:blank"
1507553755080	Marionette	DEBUG	Received DOM event "pagehide" for "about:blank"
1507553755080	Marionette	DEBUG	Received DOM event "unload" for "about:blank"
1507553760748	Marionette	DEBUG	Received DOM event "DOMContentLoaded" for "http://www.xe.com/currencyconverter/convert/?Amount=1100&From=USD&To=AUD"
1507553765437	Marionette	DEBUG	Received DOM event "pageshow" for "http://www.xe.com/currencyconverter/convert/?Amount=1100&From=USD&To=AUD"
1507553766237	Marionette	INFO	New connections will no longer be accepted
1507559139588	geckodriver	INFO	geckodriver 0.19.0
1507559139598	geckodriver	INFO	Listening on 127.0.0.1:58503
1507559140759	mozrunner::runner	INFO	Running command: "/Applications/Firefox.app/Contents/MacOS/firefox-bin" "-marionette" "-profile" "/var/folders/72/56cf70n96p59p48gygywxz6r0000gn/T/rust_mozprofile.coyUk695oXXA"
1507559141783	addons.xpi	WARN	Error parsing extensions state: [Exception... "Component returned failure code: 0x80520012 (NS_ERROR_FILE_NOT_FOUND) [amIAddonManagerStartup.readStartupData]"  nsresult: "0x80520012 (NS_ERROR_FILE_NOT_FOUND)"  location: "JS frame :: resource://gre/modules/addons/XPIProvider.jsm :: loadExtensionState :: line 1554"  data: no] Stack trace: loadExtensionState()@resource://gre/modules/addons/XPIProvider.jsm:1554 < getInstallState()@resource://gre/modules/addons/XPIProvider.jsm:1589 < checkForChanges()@resource://gre/modules/addons/XPIProvider.jsm:3109 < startup()@resource://gre/modules/addons/XPIProvider.jsm:2188 < callProvider()@resource://gre/modules/AddonManager.jsm:269 < _startProvider()@resource://gre/modules/AddonManager.jsm:739 < startup()@resource://gre/modules/AddonManager.jsm:906 < startup()@resource://gre/modules/AddonManager.jsm:3090 < observe()@jar:file:///Applications/Firefox.app/Contents/Resources/omni.ja!/components/addonManager.js:65
1507559142315	Marionette	INFO	Enabled via --marionette
2017-10-10 01:25:44.036 plugin-container[37471:13857345] *** CFMessagePort: bootstrap_register(): failed 1100 (0x44c) 'Permission denied', port = 0xa137, name = 'com.apple.tsm.portname'
See /usr/include/servers/bootstrap_defs.h for the error codes.
2017-10-10 01:25:44.040 plugin-container[37471:13857345] *** CFMessagePort: bootstrap_register(): failed 1100 (0x44c) 'Permission denied', port = 0xa503, name = 'com.apple.CFPasteboardClient'
See /usr/include/servers/bootstrap_defs.h for the error codes.
1507559145500	Marionette	INFO	Listening on port 58512
1507559145588	Marionette	WARN	TLS certificate errors will be ignored for this session
1507559145634	Marionette	DEBUG	Register listener.js for window 2147483649
1507559145680	Marionette	DEBUG	Received DOM event "beforeunload" for "about:blank"
1507559146368	Marionette	DEBUG	Received DOM event "pagehide" for "about:blank"
1507559146369	Marionette	DEBUG	Received DOM event "unload" for "about:blank"
1507559153748	Marionette	DEBUG	Received DOM event "DOMContentLoaded" for "http://www.xe.com/currencyconverter/convert/?Amount=1144&From=USD&To=AUD"
1507559157677	Marionette	DEBUG	Received observer notification "outer-window-destroyed" for "2147483739"
1507559157767	Marionette	DEBUG	Received observer notification "outer-window-destroyed" for "2147483741"
1507559158559	Marionette	DEBUG	Received DOM event "pageshow" for "http://www.xe.com/currencyconverter/convert/?Amount=1144&From=USD&To=AUD"
1507559158956	Marionette	INFO	New connections will no longer be accepted
1507559406976	geckodriver	INFO	geckodriver 0.19.0
1507559406983	geckodriver	INFO	Listening on 127.0.0.1:59261
1507559408054	mozrunner::runner	INFO	Running command: "/Applications/Firefox.app/Contents/MacOS/firefox-bin" "-marionette" "-profile" "/var/folders/72/56cf70n96p59p48gygywxz6r0000gn/T/rust_mozprofile.xHkq31vlY7Ib"
1507559408573	addons.xpi	WARN	Error parsing extensions state: [Exception... "Component returned failure code: 0x80520012 (NS_ERROR_FILE_NOT_FOUND) [amIAddonManagerStartup.readStartupData]"  nsresult: "0x80520012 (NS_ERROR_FILE_NOT_FOUND)"  location: "JS frame :: resource://gre/modules/addons/XPIProvider.jsm :: loadExtensionState :: line 1554"  data: no] Stack trace: loadExtensionState()@resource://gre/modules/addons/XPIProvider.jsm:1554 < getInstallState()@resource://gre/modules/addons/XPIProvider.jsm:1589 < checkForChanges()@resource://gre/modules/addons/XPIProvider.jsm:3109 < startup()@resource://gre/modules/addons/XPIProvider.jsm:2188 < callProvider()@resource://gre/modules/AddonManager.jsm:269 < _startProvider()@resource://gre/modules/AddonManager.jsm:739 < startup()@resource://gre/modules/AddonManager.jsm:906 < startup()@resource://gre/modules/AddonManager.jsm:3090 < observe()@jar:file:///Applications/Firefox.app/Contents/Resources/omni.ja!/components/addonManager.js:65
1507559409056	Marionette	INFO	Enabled via --marionette
2017-10-10 01:30:10.474 plugin-container[37589:13861610] *** CFMessagePort: bootstrap_register(): failed 1100 (0x44c) 'Permission denied', port = 0xa22f, name = 'com.apple.tsm.portname'
See /usr/include/servers/bootstrap_defs.h for the error codes.
2017-10-10 01:30:10.476 plugin-container[37589:13861610] *** CFMessagePort: bootstrap_register(): failed 1100 (0x44c) 'Permission denied', port = 0xa503, name = 'com.apple.CFPasteboardClient'
See /usr/include/servers/bootstrap_defs.h for the error codes.
1507559410982	Marionette	INFO	Listening on port 59274
1507559411053	Marionette	WARN	TLS certificate errors will be ignored for this session
1507559411096	Marionette	DEBUG	Register listener.js for window 2147483649
1507559416760	addons.productaddons	WARN	Failed downloading via XHR, status: 0, reason: error
*** UTM:SVC TimerManager:registerTimer called after profile-before-change notification. Ignoring timer registration for id: telemetry_modules_ping
